文字コード　ASCII
単位　mm
整数部 4，小数部 ３，小数点無し　先行ゼロサプレス
データ区切り　'*' (2Ah)


ファイル pattern-A.grb
  レイヤー 1 : パターン-A

ファイル pattern-B.grb
  レイヤー 2 : パターン-B

ファイル silk-A.grb
  レイヤー 3 : シルク-A

ファイル silk-B.grb
  レイヤー 4 : シルク-B

ファイル resist-A.grb
  レイヤー 5 : レジスト-A

ファイル resist-B.grb
  レイヤー 6 : レジスト-B

ファイル board.grb
  レイヤー 7 : 外形

ファイル hole.grb
  レイヤー 8 : 孔

使用Ｄコード : アパーチャ径／□

  丸アパーチャー　ライン用  D11 : 0.100 mm
  丸アパーチャー　ライン用  D12 : 0.200 mm
  丸アパーチャー　ライン用  D13 : 0.300 mm
  丸アパーチャー　ライン用  D14 : 0.400 mm
  丸アパーチャー　ライン用  D15 : 0.900 mm
  丸アパーチャー　ライン用  D16 : 1.000 mm
  丸アパーチャー　ライン用  D17 : 1.300 mm
  丸アパーチャー　ライン用  D18 : 1.600 mm
  丸アパーチャー　ライン用  D19 : 1.800 mm
